Dec 22, 2024 12:15:19 AM users.employee.Admin viewAllUsers
INFO: Displaying all users...
Dec 22, 2024 12:17:29 AM users.employee.Admin viewAllUsers
INFO: Displaying all users...
Dec 22, 2024 12:21:40 AM users.employee.Admin viewAllUsers
INFO: Displaying all users...
Dec 22, 2024 12:24:28 AM users.employee.Admin viewAllUsers
INFO: Displaying all users...
Dec 22, 2024 12:25:12 AM users.employee.Admin addUser
INFO: User added: Admin{id='admin2', name='adminchik', email='adminchik@gmail.com'}
Dec 22, 2024 12:25:26 AM users.employee.Admin viewAllUsers
INFO: Displaying all users...
Dec 22, 2024 12:25:39 AM users.employee.Admin removeUser
INFO: User removed: Admin{id='admin2', name='adminchik', email='adminchik@gmail.com'}
Dec 22, 2024 12:25:46 AM users.employee.Admin viewAllUsers
INFO: Displaying all users...
Dec 22, 2024 2:24:40 AM users.employee.Admin viewAllUsers
INFO: Displaying all users...
Dec 22, 2024 2:25:27 AM users.employee.Admin viewAllUsers
INFO: Displaying all users...
Dec 22, 2024 2:26:02 AM users.employee.Admin addUser
INFO: User added: Employee{receivedMessages=0, sentMessages=0}
Dec 22, 2024 2:26:09 AM users.employee.Admin viewAllUsers
INFO: Displaying all users...
Dec 22, 2024 12:44:03 PM users.employee.Admin viewAllUsers
INFO: Displaying all users...
Dec 23, 2024 2:21:17 AM users.employee.Admin viewAllUsers
INFO: Displaying all users...
Dec 23, 2024 2:40:58 AM users.employee.Admin viewAllUsers
INFO: Displaying all users...
Dec 23, 2024 2:41:08 AM users.employee.Admin addUser
WARNING: Failed to create user: Unknown user type: asdjfk
